TN:
SF:src\modules\statements\useCases\createStatement\CreateStatementController.ts
FN:6,(anonymous_13)
FN:11,(anonymous_14)
FN:12,(anonymous_16)
FNF:3
FNH:3
FNDA:6,(anonymous_13)
FNDA:12,(anonymous_14)
FNDA:1,(anonymous_16)
DA:2,6
DA:4,6
DA:6,6
DA:7,6
DA:8,6
DA:11,6
DA:12,6
DA:13,1
DA:14,1
DA:16,1
DA:17,1
DA:19,1
DA:21,1
DA:28,1
DA:30,6
LF:15
LH:15
BRDA:6,0,0,6
BRDA:6,0,1,6
BRF:2
BRH:2
end_of_record
TN:
SF:src\modules\statements\useCases\createStatement\CreateStatementError.ts
FN:3,(anonymous_6)
FN:4,(anonymous_7)
FN:5,UserNotFound
FN:10,(anonymous_9)
FN:11,InsufficientFunds
FNF:5
FNH:5
FNDA:8,(anonymous_6)
FNDA:8,(anonymous_7)
FNDA:2,UserNotFound
FNDA:8,(anonymous_9)
FNDA:2,InsufficientFunds
DA:1,8
DA:3,8
DA:4,8
DA:6,2
DA:8,8
DA:10,8
DA:12,2
DA:14,8
LF:8
LH:8
BRDA:6,0,0,2
BRDA:6,0,1,2
BRDA:12,1,0,2
BRDA:12,1,1,2
BRDA:3,2,0,8
BRDA:3,2,1,8
BRF:6
BRH:6
end_of_record
TN:
SF:src\modules\statements\useCases\createStatement\CreateStatementUseCase.ts
FN:9,(anonymous_17)
FN:10,CreateStatementUseCase
FN:18,(anonymous_19)
FNF:3
FNH:3
FNDA:8,(anonymous_17)
FNDA:8,CreateStatementUseCase
FNDA:7,(anonymous_19)
DA:1,8
DA:5,8
DA:9,8
DA:12,8
DA:15,8
DA:18,8
DA:19,7
DA:21,7
DA:22,1
DA:25,10
DA:26,2
DA:28,2
DA:29,1
DA:33,5
DA:40,5
DA:42,8
LF:16
LH:16
BRDA:19,0,0,7
BRDA:19,0,1,5
BRDA:21,1,0,1
BRDA:21,1,1,6
BRDA:25,2,0,4
BRDA:25,2,1,2
BRDA:28,3,0,1
BRDA:28,3,1,1
BRF:8
BRH:8
end_of_record
TN:
SF:src\modules\statements\useCases\getBalance\GetBalanceController.ts
FN:7,(anonymous_13)
FN:8,(anonymous_15)
FNF:2
FNH:1
FNDA:12,(anonymous_13)
FNDA:0,(anonymous_15)
DA:2,6
DA:4,6
DA:5,6
DA:7,6
DA:8,6
DA:9,0
DA:11,0
DA:13,0
DA:15,0
DA:17,0
DA:19,6
LF:11
LH:6
BRF:0
BRH:0
end_of_record
TN:
SF:src\modules\statements\useCases\getBalance\GetBalanceError.ts
FN:3,(anonymous_6)
FN:4,GetBalanceError
FNF:2
FNH:2
FNDA:7,(anonymous_6)
FNDA:2,GetBalanceError
DA:1,7
DA:3,7
DA:5,2
DA:7,7
LF:4
LH:4
BRDA:5,0,0,2
BRDA:5,0,1,2
BRF:2
BRH:2
end_of_record
TN:
SF:src\modules\statements\useCases\getBalance\GetBalanceUseCase.ts
FN:18,(anonymous_17)
FN:19,GetBalanceUseCase
FN:27,(anonymous_19)
FNF:3
FNH:3
FNDA:7,(anonymous_17)
FNDA:2,GetBalanceUseCase
FNDA:2,(anonymous_19)
DA:1,7
DA:6,7
DA:18,7
DA:21,2
DA:24,2
DA:27,7
DA:28,2
DA:30,2
DA:31,1
DA:34,1
DA:39,1
DA:41,7
LF:12
LH:12
BRDA:28,0,0,2
BRDA:30,1,0,1
BRDA:30,1,1,1
BRF:3
BRH:3
end_of_record
TN:
SF:src\modules\statements\useCases\getStatementOperation\GetStatementOperationController.ts
FN:6,(anonymous_13)
FN:7,(anonymous_15)
FNF:2
FNH:2
FNDA:12,(anonymous_13)
FNDA:1,(anonymous_15)
DA:2,6
DA:4,6
DA:6,6
DA:7,6
DA:8,1
DA:9,1
DA:11,1
DA:13,1
DA:18,0
DA:20,6
LF:10
LH:9
BRF:0
BRH:0
end_of_record
TN:
SF:src\modules\statements\useCases\getStatementOperation\GetStatementOperationError.ts
FN:3,(anonymous_6)
FN:4,(anonymous_7)
FN:5,UserNotFound
FN:10,(anonymous_9)
FN:11,StatementNotFound
FNF:5
FNH:5
FNDA:7,(anonymous_6)
FNDA:7,(anonymous_7)
FNDA:2,UserNotFound
FNDA:7,(anonymous_9)
FNDA:2,StatementNotFound
DA:1,7
DA:3,7
DA:4,7
DA:6,2
DA:8,7
DA:10,7
DA:12,2
DA:14,7
LF:8
LH:8
BRDA:6,0,0,2
BRDA:6,0,1,2
BRDA:12,1,0,2
BRDA:12,1,1,2
BRDA:3,2,0,7
BRDA:3,2,1,7
BRF:6
BRH:6
end_of_record
TN:
SF:src\modules\statements\useCases\getStatementOperation\GetStatementOperationUseCase.ts
FN:13,(anonymous_17)
FN:14,GetStatementOperationUseCase
FN:22,(anonymous_19)
FNF:3
FNH:3
FNDA:7,(anonymous_17)
FNDA:4,GetStatementOperationUseCase
FNDA:4,(anonymous_19)
DA:1,7
DA:5,7
DA:13,7
DA:16,4
DA:19,4
DA:22,7
DA:23,4
DA:25,4
DA:26,1
DA:29,3
DA:32,2
DA:33,1
DA:36,1
DA:38,7
LF:14
LH:14
BRDA:23,0,0,4
BRDA:25,1,0,1
BRDA:25,1,1,3
BRDA:32,2,0,1
BRDA:32,2,1,1
BRF:5
BRH:5
end_of_record
TN:
SF:src\modules\users\useCases\authenticateUser\AuthenticateUserController.ts
FN:6,(anonymous_13)
FN:7,(anonymous_15)
FNF:2
FNH:2
FNDA:12,(anonymous_13)
FNDA:10,(anonymous_15)
DA:2,6
DA:4,6
DA:6,6
DA:7,6
DA:8,10
DA:10,10
DA:12,10
DA:17,4
DA:19,6
LF:9
LH:9
BRF:0
BRH:0
end_of_record
TN:
SF:src\modules\users\useCases\authenticateUser\AuthenticateUserUseCase.ts
FN:17,(anonymous_18)
FN:18,AuthenticateUserUseCase
FN:23,(anonymous_20)
FNF:3
FNH:3
FNDA:7,(anonymous_18)
FNDA:13,AuthenticateUserUseCase
FNDA:13,(anonymous_20)
DA:1,7
DA:2,7
DA:3,7
DA:5,7
DA:9,7
DA:17,7
DA:20,13
DA:23,13
DA:24,13
DA:26,7
DA:27,1
DA:30,6
DA:32,6
DA:33,1
DA:36,5
DA:38,5
DA:43,5
DA:52,7
LF:18
LH:18
BRDA:24,0,0,13
BRDA:26,1,0,1
BRDA:26,1,1,6
BRDA:32,2,0,1
BRDA:32,2,1,5
BRF:5
BRH:5
end_of_record
TN:
SF:src\modules\users\useCases\authenticateUser\IncorrectEmailOrPasswordError.ts
FN:3,(anonymous_6)
FN:4,IncorrectEmailOrPasswordError
FNF:2
FNH:2
FNDA:7,(anonymous_6)
FNDA:4,IncorrectEmailOrPasswordError
DA:1,7
DA:3,7
DA:5,4
DA:7,7
LF:4
LH:4
BRDA:5,0,0,4
BRDA:5,0,1,4
BRF:2
BRH:2
end_of_record
TN:
SF:src\modules\users\useCases\createUser\CreateUserController.ts
FN:6,(anonymous_13)
FN:7,(anonymous_15)
FNF:2
FNH:2
FNDA:12,(anonymous_13)
FNDA:4,(anonymous_15)
DA:2,6
DA:4,6
DA:6,6
DA:7,6
DA:8,4
DA:10,4
DA:12,8
DA:18,3
DA:20,6
LF:9
LH:9
BRF:0
BRH:0
end_of_record
TN:
SF:src\modules\users\useCases\createUser\CreateUserError.ts
FN:3,(anonymous_6)
FN:4,CreateUserError
FNF:2
FNH:2
FNDA:12,(anonymous_6)
FNDA:3,CreateUserError
DA:1,12
DA:3,12
DA:5,3
DA:7,12
LF:4
LH:4
BRDA:5,0,0,3
BRDA:5,0,1,3
BRF:2
BRH:2
end_of_record
TN:
SF:src\modules\users\useCases\createUser\CreateUserUseCase.ts
FN:10,(anonymous_17)
FN:11,CreateUserUseCase
FN:16,(anonymous_19)
FNF:3
FNH:3
FNDA:12,(anonymous_17)
FNDA:20,CreateUserUseCase
FNDA:16,(anonymous_19)
DA:1,12
DA:2,12
DA:4,12
DA:10,12
DA:13,20
DA:16,16
DA:17,16
DA:19,16
DA:20,2
DA:23,14
DA:25,14
DA:31,14
DA:33,12
LF:13
LH:13
BRDA:17,0,0,16
BRDA:19,1,0,2
BRDA:19,1,1,14
BRF:3
BRH:3
end_of_record
TN:
SF:src\modules\users\useCases\showUserProfile\ShowUserProfileController.ts
FN:7,(anonymous_13)
FN:8,(anonymous_15)
FNF:2
FNH:2
FNDA:12,(anonymous_13)
FNDA:2,(anonymous_15)
DA:2,6
DA:4,6
DA:5,6
DA:7,6
DA:8,6
DA:9,2
DA:11,2
DA:13,2
DA:15,1
DA:17,1
DA:19,6
LF:11
LH:11
BRF:0
BRH:0
end_of_record
TN:
SF:src\modules\users\useCases\showUserProfile\ShowUserProfileError.ts
FN:3,(anonymous_6)
FN:4,ShowUserProfileError
FNF:2
FNH:2
FNDA:7,(anonymous_6)
FNDA:3,ShowUserProfileError
DA:1,7
DA:3,7
DA:5,3
DA:7,7
LF:4
LH:4
BRDA:5,0,0,3
BRDA:5,0,1,3
BRF:2
BRH:2
end_of_record
TN:
SF:src\modules\users\useCases\showUserProfile\ShowUserProfileUseCase.ts
FN:7,(anonymous_17)
FN:8,ShowUserProfileUseCase
FN:13,(anonymous_19)
FNF:3
FNH:3
FNDA:7,(anonymous_17)
FNDA:4,ShowUserProfileUseCase
FNDA:4,(anonymous_19)
DA:1,7
DA:4,7
DA:7,7
DA:10,4
DA:13,7
DA:14,4
DA:16,4
DA:17,2
DA:20,2
DA:22,7
LF:10
LH:10
BRDA:14,0,0,4
BRDA:16,1,0,2
BRDA:16,1,1,2
BRF:3
BRH:3
end_of_record
